放弃
能力
能
异常
船上
废除
流产
关于
以上
国外
突然
没有
缺席
绝对
吸收
抽象
荒谬
丰富
滥用
学术
学院
加快
口音
接受
访问
访问
事故
住宿
陪
完成
帐户
会计
积累
精度
准确
收费
习惯
疼痛
实现
成就
酸
承认
熟人
获得
收购
英亩
跨
行为
行动
积极
活动
演员
女演员
当前
急性
自
广告
适应
适应
添加
上瘾
除了
地址
足够
调整
调整
管理
令人钦佩
欣赏
入场
承认
青春期
青少年
采用
爱
成人
进展
优势
冒险
做广告
广告
建议
建议
提倡
事情
影响
感情
起
害怕
非洲
非洲
后
下午
后来
之后
再次
对
年龄
机构
议程
代理
积极
前
同意
协议
农业
农业
提前
援助
艾滋病
目的
空气
飞机
航空公司
航空
飞机
机场
领空
报警
专辑
酒精
酒精
代数
一样
活着
所有
过敏
胡同
分配
允许
津贴
几乎
独自
沿
旁边
大声
字母
已经
也
替代
虽然
高度
完全
总是
铝
总是
上
点。
业余
惊奇
惊人
美国
大使
安巴萨德
模糊
野心
救护车
中间
量
充足
招待
娱乐
分析
分析
祖先
锚
古代
和
轶事
愤怒
角度
生气
动物
脚踝
周年
宣布
惹恼
年度
另一个
回答
上
南极
古董
焦虑
焦虑
任何
任何人
无论如何
任何人
什么
无论如何
任何地方
分开
公寓
道歉
道歉
明显
上诉
出现
外观
附录
食欲
鼓掌
苹果
申请人
应用
应用
委任
委任
欣赏
欣赏
适当
批准
批准
大约
围裙
任意
拱
建筑
北极
是
地区
认为
参数
出现
算法
手臂
扶手椅
军队
周围
安排
安排
逮捕
到来
到达
箭头
艺术
文章
人工
艺术家
作为
灰
羞愧
亚洲
亚洲
一边
问
睡着
方面
评估
评估
协助
援助
助理
副
协会
假设
假设
震惊
宇航员
天文学家
天文学
在
运动员
运动
大西洋
气氛
原子
附加
攻击
达到
尝试
参加
注意
态度
吸引
吸引力
吸引力
观众
阿姨
真实
作者
权威
自动
自主
秋天
可用
大道
平均
避免
清醒
奖
知道
离开
棒
可怕
尴尬
宝贝
学士
返回
背景
落后
向后
培根
细菌
坏
羽毛球
袋
行李
面包店
平衡
阳台
球
芭蕾
气球
竹
禁止
香蕉
禁止
绷带
银行
酒吧
烧烤
理发师
理发店
只
讨价还价
树皮
障碍
基地
棒球
地下室
基本
盆地
基础
篮子
篮球
打
浴
洗澡
浴室
浴缸
电池
战斗
湾
公元前
是
海滩
Bean
豆腐
熊
胡子
胡子
野兽
打
美丽
美
因为
成为
床
床上用品
卧室
蜜蜂
牛肉
啤酒
之前
求
开始
代表
行为
行为
行为
背后
被
信仰
相信
钟
肚皮
属于
下面
带
台
弯曲
下
有益
效益
是
旁边
除了
背叛
之间
超越
自行车
出价
大
自行车
自行车
条例草案
宾果
生物化学
传记
生物学
鸟
出生
生日
发源地
饼干
主教
位
咬
苦
黑
黑板
怪
空白
毯子
流血
保佑
盲
块
血
衬衫
打击
蓝色
板
船
身体
煮
炸弹
债券
骨
奖金
书
繁荣
引导
布斯
边境
无聊
无聊
出生
借
老板
植物
植物学
两者
打扰
瓶
底部
反弹
绑定
边界
弓
碗
保龄球
箱
拳击
男孩
抵制
大脑
制动
分公司
品牌
勇敢
勇敢
面包
打破
早餐
突破
乳房
呼吸
呼吸
气喘吁吁
啤酒
砖
新娘
新郎
桥
简短
明亮
辉煌
带
广泛
广播
小册子
破碎
扫帚
哥哥
棕色
早午餐
刷
佛教
预算
自助餐
建立
建筑
堆
平房
负担
官僚
防盗
烧伤
埋葬
总线
布什
业务
商人
商人
忙
但
屠夫
黄油
蝴蝶
按钮
买
由
再见
出租车
白菜
咖啡馆
自助餐厅
笼
蛋糕
计算
叫
平静
骆驼
相机
营地
运动
可以
可以
取消
癌症
候选人
蜡烛
糖果
食堂
不
资本
胶囊
船长
标题
车
碳
卡
护理
小心
粗心
木匠
地毯
马车
载体
胡萝卜
进行
卡通
雕刻
情况下
现金
磁带
投
城堡
休闲
猫
目录
灾难
抓住
类别
满足
天主教
牛
原因
谨慎
谨慎
洞穴
Cd
天花板
庆祝
庆祝
细胞
分
摄氏度
厘米
厘米
中央
中心
中心
世纪
仪式
一定
证书
链
椅子
主席
主席
粉笔
挑战
挑战
冠军
机会
改变
多变
通道
唱歌
混沌
章
字符
特征
负责
图表
聊天
便宜
欺骗
检查
脸颊
欢呼
开朗
干杯
奶酪
头
化学
化学家
化学
支票
检查
象棋
胸部
咀嚼
鸡
首席
孩子
童年
巧克力
选择
合唱团
呛
选择
筷子
合唱
基督教
圣诞节
教堂
雪茄
香烟
电影院
圈
电路
循环
情况
公民
城市
民事
平民
文明
拍
澄清
类
经典
分类
同学
课堂
爪
粘土
清洁
清洁
清楚
秘书
聪明
点击
气候
爬
临床
时钟
克隆
关闭
布
衣服
服装
云
多云
俱乐部
笨拙
教练
煤
海岸
外套
可可
咖啡
硬币
巧合
焦炭
冷
衣领
同事
收集
收集
大学
碰撞
颜色
颜色
梳
结合
什么？
喜剧
舒适
舒适
命令
评论
商业
提交
承诺
委员会
常见
沟通
通信
共产主义
共产主义
同伴
公司
比较
指南针
补偿
竞争
能力
竞争
完成
复杂
组件
组成
理解
妥协
强制
计算机
集中
概念
关注
音乐会
结束
结论
混凝土
谴责
条件
进行
导体
会议
自信
机密
确认
冲突
混淆
祝贺
祝贺
连接
连接
意识
共识
后果
保护
保守
考虑
考虑
考虑
由
一致
不断
宪法
构建
建设
咨询
顾问
消费
包含
容器
当代
内容
大陆
继续
矛盾
矛盾
相反
贡献
贡献
控制
争议
方便
方便
传统
谈话
传达
说服
厨师
炉
饼干
酷
复制
玉米
角落
公司
正确
校正
对应
腐败
成本
舒适
舒适
山寨
棉花
咳嗽
可以
计数
计数器
国家
农村
夫妇
勇气
课程
法院
庭院
表弟
覆盖
牛
崩溃
铅笔
疯狂
奶油
创建
生物
信用
船员
犯罪
刑事
标准
标准
作物
交叉
穿越
十字路口
人群
残酷
哭
立方体
立方
厨房
文化
杯
橱柜
治疗
好奇
货币
课程
窗帘
垫
自定义
客户
海关
削减
周期
骑单车
爸爸
爸爸
日常
大坝
损伤
潮湿
舞蹈
危险
危险
给
黑暗
黑暗
破折号
数据
数据库
日期
女儿
黎明
一天
死
最后期限
聋
交易
亲爱的
死亡
辩论
债务
十年
决定
决定
宣布
下降
装饰
装饰
减少
做了
深
鹿
失败
防御
防御
捍卫
程度
延迟
删除
故意
奉献
美味
喜悦
高兴
提供
需求
牙医
部门
部。
离开
依赖
存款
深度
描述
描述
沙漠
值得
设计
欲望
桌子
绝望
甜点
目的地
摧毁
侦探
确定
发展
发展
投入
奉献
图
拨号
对话
对话框
钻石
日记
听写
字典
的
饮食
不同
差异
不同
困难
困难
你
消化
数字
尊严
困境
维度
晚餐
恐龙
氧化
浸
文凭
直接
方向
导演
目录
污垢
脏
残疾
禁用
缺点
反对
分歧
消失
失望
失望
灾难
折扣
阻止
发现
发现
歧视
讨论
讨论
疾病
恶心
菜
磁盘
椎间盘
讨厌
解雇
距离
遥远
解雇
区别
区分
分发
区
打扰
令人不安
潜水
不同
划分
划分
离婚
头晕
的
医生
文档
狗
娃娃
美元
捐赠
由
宿舍
宿舍
点
双
怀疑
向下
下载
楼下
市中心
打
博士
医生
草案
拖动
画
缺点
抽屉
梦想
衣服
钻
喝
驱动
下降
药物
鼓
醉
干
鸭
二
钝痛
饺子
在
黄昏
灰尘
垃圾箱
尘土飞扬
责任
Dvd
动态
代
每个
渴望
鹰
耳朵
早期
赚
地球
地震
东
复活节
东部
容易
吃
生态
边缘
版
编辑器
教育
教育
教育家
影响
努力
鸡蛋
茄子
要么
老年
选举
电
电气
电力
电子
优雅
大象
还
电子邮件
难堪
大使馆
紧急
皇帝
雇用
空
鼓励
鼓励
结束
结束
无尽
敌人
精力充沛
能源
工程师
享受
愉快
扩大
足够
查询
进入
企业
娱乐
热情
整个
入口
进入
信封
环境
羡慕
平等
平等
团队
设备
橡皮擦
错误
爆发
逃脱
特别是
文章
欧洲
欧洲
评价
甚至
傍晚
事件
曾经
每
大家
每天
每个人都
一切
到处
证据
明显
演化
确切
考试
考试
检查
例子
非常好
除了
交换
激发
借口
运动
展览
存在
存在
退出
扩大
期望
期望
费用
昂贵
经验
实验
专家
解释
解释
明确
爆炸
探讨
出口
暴露
表达
表达
扩展
额外
非凡
极端
眼睛
视力
脸
面部
事实
厂
褪色
失败
失败
公平
信仰
秋天
秋天
假
熟悉
家庭
著名
风扇
看中
梦幻般
幻想
远
做
农场
农民
几乎
空腹
脂肪
爸爸
故障
赞成
忙
喜欢
喜欢
恐惧
盛宴
羽毛
联邦
费
饲料
感觉
感觉
家伙
女性
栅栏
渡轮
节日
获取
发烧
几个
纤维
纤维
小说
领域
激烈
战斗
图
文件
填补
电影
最后
金融
找到
结束
手指
指甲
完成
火灾
烟花
公司
鱼
拳头
适合
修复
国旗
火焰
闪光
手电筒
平
逃离
肉
灵活
飞行
浮动
洪水
地板
面粉
流
花
流感
流利
流利
飞
飞
重点
将
雾
倍
民间
遵循
背景
食品
傻瓜
愚蠢
脚
足球
对于
禁止
力
预测
额头
外国
外国人
预见
森林
永远
忘记
健忘
原谅
叉
形式
格式
前
两周
幸运
财富
向前
培养
发现
喷泉
狐狸
脆弱
香
框架
法郎
自由
自由
高速公路
冻结
冻结
频繁
新鲜
摩擦
冰箱
冰箱
朋友
友好
友谊
吓唬
青蛙
从
前面
前沿
霜
水果
炒
燃料
全
有趣
功能
基本
葬礼
有趣
毛皮
提供
家具
进一步
未来
获得
库
加仑
游戏
车库
垃圾
花园
大蒜
服装
气体
门
收集
男同
常规
生成
慷慨
温柔
绅士
地理
几何
姿态
获取
礼物
天才
长颈鹿
女孩
给
高兴
一目了然
眩光
玻璃
全球
荣耀
手套
胶
去
目标
山羊
上帝
黄金
金
高尔夫
好
货物
鹅
政府
政府
年级
逐渐
毕业
毕业
粮食
克
语法
大
孙子
孙女
奶奶
奶奶
爷爷
爷爷
祖父母
孙子
奶奶
葡萄
图
把握
草
感激
重力
伟大
贪婪
绿色
绿色食品商
迎接
问候
灰色
灰色
烧烤
杂货店
杂货店
地面
组
成长
增长
保证
警卫
想
客人
指导
指导
有罪
吉他
枪
健身房
高中
体操
习惯
头发
发型
一半
大厅
他
锤
汉堡
手
手提包
把
手帕
处理
英俊
笔迹
电话
挂
发生
幸福
快乐
海港
港
努力
几乎
困难
勤劳
伤害
有害
和谐
收获
Hsa
孵化
讨厌
有
他
头
头痛
标题
校长
校长
健康
健康
听到
听到
心
热
天堂
重
非常
高度
直升机
你好
头盔
帮助
有用
他们
她
药草
这里
英雄
她
自己
犹豫
你好
隐藏
高
公路
山
他
自己
雇
Ihs
历史
打
爱好
保持
孔
假期
神圣
家
家园
家乡
作业
诚实
亲爱的
荣誉
荣誉
钩
希望
希望
无望
可怕
马
医院
主机
女主人
热
热狗
酒店
小时
房子
家庭主妇
家务
如何
然而
嚎叫
拥抱
巨大
人类
人类
幽默
幽默
幽默
百
饥饿
饿
狩猎
猎人
飓风
快点
伤害
老公
氢
Ⅰ
冰
冰淇淋
想法
识别
识别
成语
如果
忽略
生病
非法
疾病
想象
立即
移民
进口
重要性
重要
不可能
打动
印象
提高
在
英寸
事件
包括
收入
增加
事实上
独立
独立
表明
行业
影响
可否告知
信息
初始
伤害
损伤
油墨
在
无辜
昆虫
插入
里面
坚持
检查
激发
即时
相反
研究所
机构
指导
教学
仪器
保险
确保
情报
打算
意图
兴趣
有趣
国际
互联网
中断
区间
面试
到
介绍
介绍
发明
发明
邀请
邀请
铁
灌溉
是
岛
它
其
本身
夹克
果酱
Jar
下巴
爵士乐
牛仔裤
吉普车
射流
珠宝
珠宝
工作
那
加入
笑话
记者
旅程
喜悦
法官
判断
判断
汁
跳
丛林
初级
只是
正义
袋鼠
保持
水壶
关键
键盘
踢
孩子
杀
公斤
公里
公里
种类
幼儿园
善良
国王
王国
吻
厨房
风筝
膝盖
刀
敲
知道
知识
实验室
实验室
劳工
劳动
缺乏
女士
湖
羔羊
跛脚
灯
土地
语言
灯笼
圈
大
最后
晚
后者
笑
笑声
洗衣
法律
律师
躺
懒惰
导致
领袖
叶
联盟
泄漏
学习
最小
皮革
离开
阅读
左
腿
法律
柠檬
柠檬水
借给
长度
课
让
信
水平
解放
自由
图书馆员
图书馆
许可证
成员
谎言
生活
电梯
光
闪电
喜欢
可能
限制
线
链接
狮子
唇
液
列表
听
文学
文学
升
升
小
住
活泼
负荷
面包
当地
锁
孤独
长
看
松散
罗瑞
失去
损失
很多
大声
休息室
爱
可爱
低
运气
幸运
行李
午餐
肺
机
疯狂
夫人
夫人
杂志
魔法
女仆
邮件
邮箱
主要
内地
主要
大多数
让
男性
你
管理
经理
人类
方式
许多
地图
枫
马拉松
大理石
三月
马克
市场
婚姻
嫁给
面具
质量
主人
食品
匹配
材料
数学
数学
数学
问题
成熟
最大
五月
也许
我
餐
意味着
意义
意味着
同时
措施
肉
奖章
媒体
医疗
医学
中等
满足
会议
瓜
成员
纪念
记忆
修补
心理
提到
菜单
商人
仁慈
怜悯
只是
快乐
混乱
消息
混乱
金属
方法
米
米
显微镜
微波
中间
午夜
可能
轻微
英里
牛奶
毫米
毫米
百万富翁
介意
我
矿物
小巴
最低
部长
部
少数民族
减去
分钟
镜子
错过
导弹
失踪
错误
错误
误解
混合
混合物
移动
模型
现代
现代
谦虚
妈妈
妈妈
时刻
妈妈
妈妈
钱
监控
猴子
月
纪念碑
月亮
拖把
道德
更
上午
穆斯林
蚊子
妈妈
祖国
动机
电机
摩托车
座右铭
山
山区
哀悼
鼠标
胡子
嘴
移动
运动
电影
先生。
太太。
女士。
多
泥
泥泞
乘
谋杀
博物馆
蘑菇
音乐
音乐
音乐家
必须
芥末
羊肉
我
自己
钉
名字
狭窄
国家
国家
国籍
全国
本地
自然
自然
海军
附近
附近
近
整洁
必要
脖子
项链
需要
针
洽谈
邻居
邻居
附近
附近
也
侄子
紧张
巢
网
网络
从来没有
新增功能
新闻
报纸
下一个
好
侄女
不
不。
高贵
没
点头
噪声
吵
没有
面条
中午
也
正常
北
东北
北部
西北
鼻子
不
注意
笔记本
什么
通知
小说
小说家
现在
现在
无处
核
麻木
数量
护士
苗圃
螺母
营养
服从
对象
观察
获得
明显
职业
占据
发生
海洋
大洋洲
点
的
关闭
罪行
提供
办公室
人员
官方
离岸
经常
哦
油
油田
还行
老
奥运
奥运会
上
一旦
一
自己
洋葱
只
到
打开
开放
歌剧
操作
操作
算子
意见
反对
相反
乐观
选
或
口腔
橙
轨道
以
普通
器官
组织
组织
组织
组织
起源
其他
否则
应该
我们
我们
自己
出
结果
户外
外
外向
郊游
大纲
输出
外面
直言不讳
优秀
外
外
椭圆形
超过
大衣
克服
开销
忽视
超重
欠
自己
所有者
所有权
牛
氧
步伐
太平洋
包
包
包
桨
网页
疼痛
痛苦
油漆
画家
绘画
双
宫殿
苍白
先生
煎饼
熊猫
恐慌
纸
文件
段
并行
包裹
不好意思
父母
公园
停车
鹦鹉
部分
参与
特定
部分
伙伴
兼职
党
通过
通道
乘客
过路人
被动
护照
过去
专利
路径
耐心
病人
模式
暂停
路面
支付
Pc
体育。
有
和平
和平
桃
梨
行人
笔
便士
铅笔
佩妮
养老金
人
胡椒
对于
百分比
百分比
完美
执行
性能
表演
香水
也许
时期
永久
许可
许可证
人
个人
个人
人员
说服
害虫
宠物
汽油
现象
照片
照片
摄影师
短语
物理
医生
物理学家
物理
钢琴家
计划
选择
野餐
图片
脚
件
猪
桩
丸
枕头
飞行员
针
松
菠萝
乒乓球
粉红色
品脱
先锋
管
可惜
地方
平原
计划
飞机
星球
植物
塑料
板
平台
玩
操场
愉快
请
高兴
快乐
很多
情节
插头
更
下午。
口袋里
诗
诗人
点
毒药
有毒
极
警方
警察
警察
政策
波兰语
礼貌
政治
政治家
政治
污染
污染
池塘
池
可怜
流行
爆米花
流行
人口
猪肉
粥
港口
便携式
穿
位置
阳性
拥有
拥有
可能性
可能
发布
邮资
明信片
邮政编码
发布
邮递员
推迟
可以
马铃薯
潜在
磅
对于
粉
权力
强大
实际
实践
练习
实践
赞美
祈祷
祈祷
珍贵
精确
预测
喜欢
偏好
怀孕
偏见
第一
制备
准备
处方
目前
表示
保存
总统
按
压力
假装
很
防止
预览
珍贵
价格
骄傲
主要
原始
原则
打印
监狱
囚犯
私人
特权
奖
可能
问题
程序
过程
生产
产品
生产
职业
教授
利润
程序
程序
进展
禁止
项目
承诺
促进
发音
发音
适当
正确
保护
保护
骄傲
证明
提供
省
心理学
酒吧
公共
发布
拉
脉冲
泵
准时
标点符号
惩罚
惩罚
学生
购买
纯
紫色
目的
钱包
推
把
难题
金字塔
地震
资格
质量
数量
争吵
季度
女王
问题
问卷
队列
快速
安静
被子
退出
相当
测验
兔
比赛
种族
辐射
无线电
放射性
镭
抹布
铁路
铁路
雨
彩虹
雨衣
降雨
下雨
提高
随机
范围
排名
快速
罕见
大鼠
率
而
原始
射线
剃刀
达到
反应
读
阅读
准备
真正
意识到
实现
现实
真
原因
合理
重建
收据
收到
接收机
最近
接待
接待员
食谱
背诵
承认
认识
推荐
记录
录音机
恢复
娱乐
矩形
回收
红
减少
指
裁判
参考
反映
改革
刷新
冰箱
拒绝
方面
无论
注册
后悔
定期
调节
拒绝
与
关系
关系
相对
放松
继电器
相关
可靠
救济
宗教
宗教
依赖
保持
的话
记得
提醒
远程
删除
租金
修复
重复
取代
答复
报告
记者
代表
代表
共和国
声誉
请求
需要
要求
救援
研究
像
预订
储备
辞职
抵抗
尊重
响应
责任
休息
餐厅
限制
结果
复述
退休
返回
检讨
修订
革命
奖励
倒
韵
水稻
丰富
摆脱
谜语
荒谬
骑
右
刚性
环
成熟
成熟
上升
风险
河
道路
烤
抢
机器人
岩石
火箭
作用
辊
屋顶
房间
公鸡
根
绳
玫瑰
红
粗糙
轮
回旋处
常规
行
皇家
橡胶
垃圾
粗鲁
橄榄球
破坏
规则
统治者
运行
冲
神圣
牺牲
伤心
悲伤
安全
安全
帆
水手
沙拉
工资
销售
售货员
推销员
售货员
盐
咸
保佑你
相同
砂
三明治
卫星
满意
满足
飞碟
香肠
救
说
说
扫描
疤痕
吓
围巾
现场
风景
怀疑
怀疑
附表
学者
奖学金
学校
书包
小学生
女生
同学
科学
科学
科学家
剪刀
骂
得分
划伤
尖叫
屏幕
雕塑
海
海鸥
密封
搜索
贝壳
海边
赛季
座位
海藻
第二
秘密
司
部分
安全
安全
看到
种子
寻求
似乎
抓住
很少
选择
自私
卖
半圆
研讨会
发送
高级
感觉
敏感
句子
单独
分离
严重
仆人
服务
服务
会话
设置
解决
沉降
移民
几个
缝
性
破旧
阴影
阴影
动摇
应
浅
耻辱
形状
共享
鲨鱼
尖锐
提高
卷笔刀
刮胡子
剃须刀
她
羊
表
货架
住房
闪耀
船
衬衫
休克
鞋
开枪
店
店主
购物
岸边
短
缺点
不久
短裤
拍摄
应该
肩膀
喊
显示
淋浴
收缩
关闭
害羞
生病
病
一边
侧路
人行道
侧身
叹息
视线
观光
信号
签名
意义
沉默
沉默
丝绸
傻
银
类似
简单
简化
因为
真诚
唱
单
下沉
先生
姐姐
坐
情况
大小
滑冰
滑板
滑雪
娴熟
技能
皮肤
跳
裙子
天空
摩天大楼
奴隶
奴隶制
睡眠
困
套
片
幻灯片
轻微
苗条
滑
慢
小
聪明
气味
微笑
烟雾
烟
吸烟者
光滑
蛇
运动鞋
打喷嚏
闻
雪
下雪
所以
肥皂
下
足球
社会
社会主义
社会主义
社会
袜子
插座
沙发
软
软件
土壤
太阳
士兵
固体
一些
有人
不知何故
有人
东西
有时
地方
Ihs
首歌
很快
悲伤
对不起
排序
灵魂
声音
汤
酸
南
东南
南部
西南
记忆
母猪
空间
飞船
铁锹
备用
麻雀
说
扬声器
矛
特殊
专家
特定
演讲
速度
拼写
拼写
花
自旋
精神
精神
吐
灿烂
分裂
发言
发言人
发言人
赞助
勺子
匙
运动
点
喷雾
传播
春天
间谍
广场
挤压
松鼠
稳定
体育场
员工
阶段
染色
不锈钢
楼梯
邮票
站
标准
明星
留
开始
饥饿
饿死
状态
站
声明
政治家
女政治家
统计
雕像
地位
留
稳定
牛排
偷
蒸汽
钢
陡峭
步
管家
空姐
坚持
还
放养
胃
石头
停止
存储
商店
风暴
故事
粗壮
炉
直
简单
海峡
奇怪
陌生人
秸秆
草莓
流
街
强度
加强
应力
严格
罢工
字符串
强
斗争
固执
学生
演播室
研究
愚蠢
风格
主题
主观
提交
订阅
替代
成功
成功
成功
这样
吸
突然
遭受
痛苦
糖
建议
建议
适合
合适
手提箱
套房
总结
夏天
太阳
晒伤
阳光
阳光
阳光
超级
精湛
优越
超市
晚饭
供应
支持
想
最高
确定
表面
外科医生
盈余
惊喜
环绕
周围
生存
生存
怀疑
悬架
燕子
交换
发誓
汗水
毛衣
扫
甜
膨胀
迅速
游泳
摆动
开关
剑
象征
同情
交响乐
症状
系统
系统
表
片
尾巴
裁缝
采取
这样
人才
说话
高
坦克
水龙头
磁带
目标
任务
味道
无味
美味
税
出租车
纳税人
茶
教
老师
团队
团队合作
茶壶
撕裂
逗
技术
技术
科技
青少年
电话
望远镜
电视
告诉
温度
寺庙
临时
往往
趋势
网球
紧张
张力
帐篷
尝试
术语
终端
可怕
恐吓
恐怖
测试
发短信
教材
比
谢谢
感谢
那
the
剧院
剧院
盗窃
他们
他们
他们
主题
自己
然后
理论
理论
那里
因此
热水瓶
这些
他们
厚
小偷
薄
事情
认为
思维
口渴
这
彻底
那些
虽然
以为
线程
快感
惊悚片
喉咙
通过
整个
扔
雷声
雷暴
因此
蜱
票
整洁
领带
老虎
紧
自
时间
时间表
相信
小
提示
轮胎
累
烦人
组织
标题
自
吐司
烟草
今天
一起
厕所
容忍
番茄
墓
明天
你
舌头
今晚
太
工具
齿
牙痛
牙刷
牙膏
返回页首
主题
tortoise
总
触摸
艰难
旅游
旅游
旅游
比赛
对
对
毛巾
塔
镇
玩具
跟踪
拖拉机
贸易
传统
传统
交通
火车
培训
电车
变换
翻译
翻译
在线翻译
透明
运输
陷阱
旅行
旅客
旅客
珍惜
治疗
治疗
树
颤抖
趋势
试验
三角形
把戏
旅行
无轨电车
部队
麻烦
麻烦
裤子
卡车
真
真正
树干
信任
真理
尝试
T恤
管
调整
土耳其
把
把
导师
电视
电视
两次
双
扭曲
类型
打字机
典型
台风
打字员
轮胎
轮胎
丑
伞
无法
难以忍受
难以置信
不确定性
叔叔
难受
无条件
无意识
下
地下
强调
理解
承接
内衣
失业
公平
不宜
不幸
均匀
联盟
独特
单位
团结
普遍
宇宙
大学
除非
与
动荡
直到
异常
不愿
向上
更新
后
上
沮丧
楼上
向上
向上
城市
促请
紧急
使用
使用
有用
无用
用户
通常
假期
空置
波
只
有效
山谷
宝贵
价值
品种
各种
花瓶
巨大
Vcd
蔬菜
车辆
版本
垂直
非常
西
通过
副
受害者
胜利
视频
可视电话
视图
村
村民
醋
违反
暴力
暴力
小提琴
小提琴手
美德
病毒
签证
访问
游客
视觉
重要
生动
词汇
声音
火山
排球
自愿
志愿者
投票
旅行
摇
工资
腰
等
服务员
候诊室
服务员
唤醒
走
墙
钱包
核桃
徘徊
想
是
病房
仓库
温暖
温暖
警告
洗
洗手间
浪费
看
水
西瓜
波
蜡
方式
我们
Web
网站
弱
弱点
财富
富有
穿
天气
婚礼
杂草
周
工作日
周末
每周
哭泣
周末
权衡
重量
欢迎
福利
以及
以及
西
西方
西
西
湿
鲸鱼
什么
无论
小麦
轮
当
每当
在哪里
无论
是否
其中
无论
而
耳语
哨子
白色
谁
整个
谁
其
为什么
宽
广泛
寡妇
老婆
野生
野生动物
将
愿意
赢得
风
风
窗口
风
酒
翼
赢家
冬天
擦
线
智慧
明智
希望
与
撤回
在
没有
证人
狼
女人
想
美妙
木材
羊毛
羊毛
羊毛
词
工作
工人
世界
全球
蠕虫
穿
担心
担心
值得
值得
值得
会
伤口
摔跤
皱
手腕
写
错
X射线
院子里
打哈欠
年
吆喝
黄色
是的
昨天
然而
酸奶
你
年轻
你
你
自己
青年
美味
斑马
零
Zip
拉链
区
动物园
缩放